<?xml version="1.0" encoding="UTF-8"?>
<!-- Generated by org.testng.reporters.JUnitReportReporter -->
<testsuite skipped="0" hostname="Arifur" name="com.runner.ZooplaRunner" tests="1" failures="0" timestamp="15 Aug 2020 04:33:52 GMT" time="30.386" errors="0">
  <testcase name="runScenario" time="30.386" classname="com.runner.ZooplaRunner"/>
</testsuite> <!-- com.runner.ZooplaRunner -->
